ARM GAS  C:\Users\jsing\AppData\Local\Temp\cc8v2ouw.s 			page 1


   1              		.cpu cortex-m0
   2              		.fpu softvfp
   3              		.eabi_attribute 20, 1
   4              		.eabi_attribute 21, 1
   5              		.eabi_attribute 23, 3
   6              		.eabi_attribute 24, 1
   7              		.eabi_attribute 25, 1
   8              		.eabi_attribute 26, 1
   9              		.eabi_attribute 30, 6
  10              		.eabi_attribute 34, 0
  11              		.eabi_attribute 18, 4
  12              		.code	16
  13              		.file	"main.c"
  14              		.text
  15              	.Ltext0:
  16              		.cfi_sections	.debug_frame
  17              		.section	.text.main,"ax",%progbits
  18              		.align	2
  19              		.global	main
  20              		.code	16
  21              		.thumb_func
  22              		.type	main, %function
  23              	main:
  24              	.LFB35:
  25              		.file 1 ".\\main.c"
   1:.\main.c      **** /*****************************************************************************
   2:.\main.c      **** * File Name: main.c
   3:.\main.c      **** *
   4:.\main.c      **** * Version: 1.0
   5:.\main.c      **** *
   6:.\main.c      **** * Description:
   7:.\main.c      **** * This is the top level application for the PSoC 4 BLE Lab 4.
   8:.\main.c      **** *
   9:.\main.c      **** * Hardware Dependency:
  10:.\main.c      **** * CY8CKIT-042 BLE Pioneer Kit
  11:.\main.c      **** *
  12:.\main.c      **** ******************************************************************************
  13:.\main.c      **** * Copyright (2014), Cypress Semiconductor Corporation.
  14:.\main.c      **** ******************************************************************************
  15:.\main.c      **** * This software is owned by Cypress Semiconductor Corporation (Cypress) and is
  16:.\main.c      **** * protected by and subject to worldwide patent protection (United States and
  17:.\main.c      **** * foreign), United States copyright laws and international treaty provisions.
  18:.\main.c      **** * Cypress hereby grants to licensee a personal, non-exclusive, non-transferable
  19:.\main.c      **** * license to copy, use, modify, create derivative works of, and compile the
  20:.\main.c      **** * Cypress Source Code and derivative works for the sole purpose of creating
  21:.\main.c      **** * custom software in support of licensee product to be used only in conjunction
  22:.\main.c      **** * with a Cypress integrated circuit as specified in the applicable agreement.
  23:.\main.c      **** * Any reproduction, modification, translation, compilation, or representation of
  24:.\main.c      **** * this software except as specified above is prohibited without the express
  25:.\main.c      **** * written permission of Cypress.
  26:.\main.c      **** *
  27:.\main.c      **** * Disclaimer: CYPRESS MAKES NO WARRANTY OF ANY KIND, EXPRESS OR IMPLIED, WITH
  28:.\main.c      **** * REGARD TO THIS MATERIAL, INCLUDING, BUT NOT LIMITED TO, THE IMPLIED
  29:.\main.c      **** * WARRANTIES OF MERCHANTABILITY AND FITNESS FOR A PARTICULAR PURPOSE.
  30:.\main.c      **** * Cypress reserves the right to make changes without further notice to the
  31:.\main.c      **** * materials described herein. Cypress does not assume any liability arising out
  32:.\main.c      **** * of the application or use of any product or circuit described herein. Cypress
ARM GAS  C:\Users\jsing\AppData\Local\Temp\cc8v2ouw.s 			page 2


  33:.\main.c      **** * does not authorize its products for use as critical components in life-support
  34:.\main.c      **** * systems where a malfunction or failure may reasonably be expected to result in
  35:.\main.c      **** * significant injury to the user. The inclusion of Cypress' product in a life-
  36:.\main.c      **** * support systems application implies that the manufacturer assumes all risk of
  37:.\main.c      **** * such use and in doing so indemnifies Cypress against all charges. Use may be
  38:.\main.c      **** * limited by and subject to the applicable Cypress software license agreement.
  39:.\main.c      **** *****************************************************************************/
  40:.\main.c      **** 
  41:.\main.c      **** 
  42:.\main.c      **** /*****************************************************************************
  43:.\main.c      **** * Included headers
  44:.\main.c      **** *****************************************************************************/
  45:.\main.c      **** #include <main.h>
  46:.\main.c      **** #include <BLEApplications.h>
  47:.\main.c      **** 
  48:.\main.c      **** 
  49:.\main.c      **** /*****************************************************************************
  50:.\main.c      **** * Function Prototypes
  51:.\main.c      **** *****************************************************************************/
  52:.\main.c      **** static void InitializeSystem(void);
  53:.\main.c      **** static void HandleCapSenseSlider(void);
  54:.\main.c      **** 
  55:.\main.c      **** 
  56:.\main.c      **** /*****************************************************************************
  57:.\main.c      **** * Public functions
  58:.\main.c      **** *****************************************************************************/
  59:.\main.c      **** 
  60:.\main.c      **** /*******************************************************************************
  61:.\main.c      **** * Function Name: main
  62:.\main.c      **** ********************************************************************************
  63:.\main.c      **** * Summary:
  64:.\main.c      **** * System entrance point. This calls the initializing function and continuously
  65:.\main.c      **** * process BLE and CapSense events.
  66:.\main.c      **** *
  67:.\main.c      **** * Parameters:
  68:.\main.c      **** *  void
  69:.\main.c      **** *
  70:.\main.c      **** * Return:
  71:.\main.c      **** *  int
  72:.\main.c      **** *
  73:.\main.c      **** *******************************************************************************/
  74:.\main.c      **** int main()
  75:.\main.c      **** {
  26              		.loc 1 75 0
  27              		.cfi_startproc
  28 0000 80B5     		push	{r7, lr}
  29              		.cfi_def_cfa_offset 8
  30              		.cfi_offset 7, -8
  31              		.cfi_offset 14, -4
  32 0002 00AF     		add	r7, sp, #0
  33              		.cfi_def_cfa_register 7
  76:.\main.c      **** 	/* This function will initialize the system resources such as BLE and CapSense */
  77:.\main.c      ****     InitializeSystem();
  34              		.loc 1 77 0
  35 0004 FFF7FEFF 		bl	InitializeSystem
  36              	.L3:
  78:.\main.c      **** 	
ARM GAS  C:\Users\jsing\AppData\Local\Temp\cc8v2ouw.s 			page 3


  79:.\main.c      ****     for(;;)
  80:.\main.c      ****     {
  81:.\main.c      ****         /*Process event callback to handle BLE events. The events generated and 
  82:.\main.c      **** 		* used for this application are inside the 'CustomEventHandler' routine*/
  83:.\main.c      ****         CyBle_ProcessEvents();
  37              		.loc 1 83 0
  38 0008 FFF7FEFF 		bl	CyBle_ProcessEvents
  84:.\main.c      **** 		
  85:.\main.c      **** 		if(TRUE == deviceConnected)
  39              		.loc 1 85 0
  40 000c 064B     		ldr	r3, .L4
  41 000e 1B78     		ldrb	r3, [r3]
  42 0010 012B     		cmp	r3, #1
  43 0012 08D1     		bne	.L2
  86:.\main.c      **** 		{
  87:.\main.c      ****             /* When the Client Characteristic Configuration descriptor (CCCD) is
  88:.\main.c      ****              * written by Central device for enabling/disabling notifications, 
  89:.\main.c      ****              * then the same descriptor value has to be explicitly updated in 
  90:.\main.c      ****              * application so that it reflects the correct value when the 
  91:.\main.c      ****              * descriptor is read */
  92:.\main.c      **** 			UpdateNotificationCCCD();
  44              		.loc 1 92 0
  45 0014 FFF7FEFF 		bl	UpdateNotificationCCCD
  93:.\main.c      **** 			
  94:.\main.c      **** 			/* Send CapSense Slider data when respective notification is enabled */
  95:.\main.c      **** 			if(TRUE == sendCapSenseSliderNotifications)
  46              		.loc 1 95 0
  47 0018 044B     		ldr	r3, .L4+4
  48 001a 1B78     		ldrb	r3, [r3]
  49 001c 012B     		cmp	r3, #1
  50 001e 02D1     		bne	.L2
  96:.\main.c      **** 			{
  97:.\main.c      **** 				/* Check for CapSense slider swipe and send data accordingly */
  98:.\main.c      **** 				HandleCapSenseSlider();
  51              		.loc 1 98 0
  52 0020 FFF7FEFF 		bl	HandleCapSenseSlider
  99:.\main.c      **** 			}
 100:.\main.c      **** 		}
 101:.\main.c      ****     }	
  53              		.loc 1 101 0
  54 0024 F0E7     		b	.L3
  55              	.L2:
  56 0026 EFE7     		b	.L3
  57              	.L5:
  58              		.align	2
  59              	.L4:
  60 0028 00000000 		.word	deviceConnected
  61 002c 00000000 		.word	sendCapSenseSliderNotifications
  62              		.cfi_endproc
  63              	.LFE35:
  64              		.size	main, .-main
  65              		.section	.text.InitializeSystem,"ax",%progbits
  66              		.align	2
  67              		.code	16
  68              		.thumb_func
  69              		.type	InitializeSystem, %function
  70              	InitializeSystem:
ARM GAS  C:\Users\jsing\AppData\Local\Temp\cc8v2ouw.s 			page 4


  71              	.LFB36:
 102:.\main.c      **** }
 103:.\main.c      **** 
 104:.\main.c      **** 
 105:.\main.c      **** /*******************************************************************************
 106:.\main.c      **** * Function Name: InitializeSystem
 107:.\main.c      **** ********************************************************************************
 108:.\main.c      **** * Summary:
 109:.\main.c      **** * Start the components and initialize system.
 110:.\main.c      **** *
 111:.\main.c      **** * Parameters:
 112:.\main.c      **** *  void
 113:.\main.c      **** *
 114:.\main.c      **** * Return:
 115:.\main.c      **** *  void
 116:.\main.c      **** *
 117:.\main.c      **** *******************************************************************************/
 118:.\main.c      **** void InitializeSystem(void)
 119:.\main.c      **** {
  72              		.loc 1 119 0
  73              		.cfi_startproc
  74 0000 80B5     		push	{r7, lr}
  75              		.cfi_def_cfa_offset 8
  76              		.cfi_offset 7, -8
  77              		.cfi_offset 14, -4
  78 0002 00AF     		add	r7, sp, #0
  79              		.cfi_def_cfa_register 7
 120:.\main.c      **** 	/* Enable global interrupt mask */
 121:.\main.c      **** 	CyGlobalIntEnable; 
  80              		.loc 1 121 0
  81              	@ 121 ".\main.c" 1
  82 0004 62B6     		CPSIE   i
  83              	@ 0 "" 2
 122:.\main.c      **** 		
 123:.\main.c      **** 	/* Start BLE component and register the CustomEventHandler function. This 
 124:.\main.c      **** 	 * function exposes the events from BLE component for application use */
 125:.\main.c      ****     CyBle_Start(CustomEventHandler);	
  84              		.loc 1 125 0
  85              		.code	16
  86 0006 104B     		ldr	r3, .L7
  87 0008 181C     		mov	r0, r3
  88 000a FFF7FEFF 		bl	CyBle_Start
 126:.\main.c      ****     
 127:.\main.c      **** 	/* Start both the PrISM components for LED control*/
 128:.\main.c      ****     PRS_1_Start();
  89              		.loc 1 128 0
  90 000e FFF7FEFF 		bl	PRS_1_Start
 129:.\main.c      ****     PRS_2_Start();
  91              		.loc 1 129 0
  92 0012 FFF7FEFF 		bl	PRS_2_Start
 130:.\main.c      **** 	
 131:.\main.c      **** 	/* The RGB LED on BLE Pioneer kit are active low. Drive HIGH on 
 132:.\main.c      **** 	 * pin for OFF and drive LOW on pin for ON*/
 133:.\main.c      **** 	PRS_1_WritePulse0(RGB_LED_OFF);
  93              		.loc 1 133 0
  94 0016 FF20     		mov	r0, #255
  95 0018 FFF7FEFF 		bl	PRS_1_WritePulse0
ARM GAS  C:\Users\jsing\AppData\Local\Temp\cc8v2ouw.s 			page 5


 134:.\main.c      **** 	PRS_1_WritePulse1(RGB_LED_OFF);
  96              		.loc 1 134 0
  97 001c FF20     		mov	r0, #255
  98 001e FFF7FEFF 		bl	PRS_1_WritePulse1
 135:.\main.c      **** 	PRS_2_WritePulse0(RGB_LED_OFF);
  99              		.loc 1 135 0
 100 0022 FF20     		mov	r0, #255
 101 0024 FFF7FEFF 		bl	PRS_2_WritePulse0
 136:.\main.c      **** 	
 137:.\main.c      **** 	/* Set Drive mode of output pins from HiZ to Strong */
 138:.\main.c      **** 	RED_SetDriveMode(RED_DM_STRONG);
 102              		.loc 1 138 0
 103 0028 0620     		mov	r0, #6
 104 002a FFF7FEFF 		bl	RED_SetDriveMode
 139:.\main.c      **** 	GREEN_SetDriveMode(GREEN_DM_STRONG);
 105              		.loc 1 139 0
 106 002e 0620     		mov	r0, #6
 107 0030 FFF7FEFF 		bl	GREEN_SetDriveMode
 140:.\main.c      **** 	BLUE_SetDriveMode(BLUE_DM_STRONG);
 108              		.loc 1 140 0
 109 0034 0620     		mov	r0, #6
 110 0036 FFF7FEFF 		bl	BLUE_SetDriveMode
 141:.\main.c      **** 	
 142:.\main.c      **** 	/* Initialize CapSense component and initialize baselines*/
 143:.\main.c      **** 	CapSense_Start();
 111              		.loc 1 143 0
 112 003a FFF7FEFF 		bl	CapSense_Start
 144:.\main.c      **** 	CapSense_InitializeAllBaselines();
 113              		.loc 1 144 0
 114 003e FFF7FEFF 		bl	CapSense_InitializeAllBaselines
 145:.\main.c      **** }
 115              		.loc 1 145 0
 116 0042 BD46     		mov	sp, r7
 117              		@ sp needed
 118 0044 80BD     		pop	{r7, pc}
 119              	.L8:
 120 0046 C046     		.align	2
 121              	.L7:
 122 0048 00000000 		.word	CustomEventHandler
 123              		.cfi_endproc
 124              	.LFE36:
 125              		.size	InitializeSystem, .-InitializeSystem
 126              		.section	.text.HandleCapSenseSlider,"ax",%progbits
 127              		.align	2
 128              		.code	16
 129              		.thumb_func
 130              		.type	HandleCapSenseSlider, %function
 131              	HandleCapSenseSlider:
 132              	.LFB37:
 146:.\main.c      **** 
 147:.\main.c      **** 
 148:.\main.c      **** /*******************************************************************************
 149:.\main.c      **** * Function Name: HandleCapSenseSlider
 150:.\main.c      **** ********************************************************************************
 151:.\main.c      **** * Summary:
 152:.\main.c      **** * This function scans for finger position on CapSense slider, and if the  
 153:.\main.c      **** * position is different, triggers separate routine for BLE notification.
ARM GAS  C:\Users\jsing\AppData\Local\Temp\cc8v2ouw.s 			page 6


 154:.\main.c      **** *
 155:.\main.c      **** * Parameters:
 156:.\main.c      **** *  void
 157:.\main.c      **** *
 158:.\main.c      **** * Return:
 159:.\main.c      **** *  void
 160:.\main.c      **** *
 161:.\main.c      **** *******************************************************************************/
 162:.\main.c      **** void HandleCapSenseSlider(void)
 163:.\main.c      **** {
 133              		.loc 1 163 0
 134              		.cfi_startproc
 135 0000 90B5     		push	{r4, r7, lr}
 136              		.cfi_def_cfa_offset 12
 137              		.cfi_offset 4, -12
 138              		.cfi_offset 7, -8
 139              		.cfi_offset 14, -4
 140 0002 83B0     		sub	sp, sp, #12
 141              		.cfi_def_cfa_offset 24
 142 0004 00AF     		add	r7, sp, #0
 143              		.cfi_def_cfa_register 7
 164:.\main.c      **** 	/* Last read CapSense slider position value */
 165:.\main.c      **** 	static uint16 lastPosition;	
 166:.\main.c      **** 	
 167:.\main.c      **** 	/* Present slider position read by CapSense */
 168:.\main.c      **** 	uint16 sliderPosition;
 169:.\main.c      **** 		
 170:.\main.c      **** 	/* Update CapSense baseline for next reading*/
 171:.\main.c      **** 	CapSense_UpdateEnabledBaselines();	
 144              		.loc 1 171 0
 145 0006 FFF7FEFF 		bl	CapSense_UpdateEnabledBaselines
 172:.\main.c      **** 		
 173:.\main.c      **** 	/* Scan the slider widget */
 174:.\main.c      **** 	CapSense_ScanEnabledWidgets();			
 146              		.loc 1 174 0
 147 000a FFF7FEFF 		bl	CapSense_ScanEnabledWidgets
 175:.\main.c      **** 	
 176:.\main.c      **** 	/* Wait for CapSense scanning to be complete. This could take about 5 ms */
 177:.\main.c      **** 	while(CapSense_IsBusy());
 148              		.loc 1 177 0
 149 000e C046     		mov	r8, r8
 150              	.L10:
 151              		.loc 1 177 0 is_stmt 0 discriminator 1
 152 0010 FFF7FEFF 		bl	CapSense_IsBusy
 153 0014 031C     		mov	r3, r0
 154 0016 002B     		cmp	r3, #0
 155 0018 FAD1     		bne	.L10
 178:.\main.c      **** 	
 179:.\main.c      **** 	/* Read the finger position on the slider */
 180:.\main.c      **** 	sliderPosition = CapSense_GetCentroidPos(CapSense_LINEARSLIDER0__LS);	
 156              		.loc 1 180 0 is_stmt 1
 157 001a BC1D     		add	r4, r7, #6
 158 001c 0020     		mov	r0, #0
 159 001e FFF7FEFF 		bl	CapSense_GetCentroidPos
 160 0022 031C     		mov	r3, r0
 161 0024 2380     		strh	r3, [r4]
 181:.\main.c      **** 
ARM GAS  C:\Users\jsing\AppData\Local\Temp\cc8v2ouw.s 			page 7


 182:.\main.c      **** 	/*If finger is detected on the slider*/
 183:.\main.c      **** 	if((sliderPosition != NO_FINGER) && (sliderPosition <= SLIDER_MAX_VALUE))
 162              		.loc 1 183 0
 163 0026 BB1D     		add	r3, r7, #6
 164 0028 1A88     		ldrh	r2, [r3]
 165 002a 0D4B     		ldr	r3, .L12
 166 002c 9A42     		cmp	r2, r3
 167 002e 13D0     		beq	.L9
 168              		.loc 1 183 0 is_stmt 0 discriminator 1
 169 0030 BB1D     		add	r3, r7, #6
 170 0032 1B88     		ldrh	r3, [r3]
 171 0034 642B     		cmp	r3, #100
 172 0036 0FD8     		bhi	.L9
 184:.\main.c      **** 	{
 185:.\main.c      ****         /* If finger position on the slider is changed then send data as BLE 
 186:.\main.c      ****          * notifications */
 187:.\main.c      ****         if(sliderPosition != lastPosition)
 173              		.loc 1 187 0 is_stmt 1
 174 0038 0A4B     		ldr	r3, .L12+4
 175 003a 1B88     		ldrh	r3, [r3]
 176 003c BA1D     		add	r2, r7, #6
 177 003e 1288     		ldrh	r2, [r2]
 178 0040 9A42     		cmp	r2, r3
 179 0042 09D0     		beq	.L9
 188:.\main.c      **** 		{
 189:.\main.c      **** 			/* Update global variable with present finger position on slider*/
 190:.\main.c      **** 			lastPosition = sliderPosition;
 180              		.loc 1 190 0
 181 0044 074B     		ldr	r3, .L12+4
 182 0046 BA1D     		add	r2, r7, #6
 183 0048 1288     		ldrh	r2, [r2]
 184 004a 1A80     		strh	r2, [r3]
 191:.\main.c      **** 
 192:.\main.c      **** 			SendCapSenseNotification((uint8)sliderPosition);
 185              		.loc 1 192 0
 186 004c BB1D     		add	r3, r7, #6
 187 004e 1B88     		ldrh	r3, [r3]
 188 0050 DBB2     		uxtb	r3, r3
 189 0052 181C     		mov	r0, r3
 190 0054 FFF7FEFF 		bl	SendCapSenseNotification
 191              	.L9:
 193:.\main.c      **** 
 194:.\main.c      **** 		}	
 195:.\main.c      **** 	}	
 196:.\main.c      **** }
 192              		.loc 1 196 0
 193 0058 BD46     		mov	sp, r7
 194 005a 03B0     		add	sp, sp, #12
 195              		@ sp needed
 196 005c 90BD     		pop	{r4, r7, pc}
 197              	.L13:
 198 005e C046     		.align	2
 199              	.L12:
 200 0060 FFFF0000 		.word	65535
 201 0064 00000000 		.word	lastPosition.6709
 202              		.cfi_endproc
 203              	.LFE37:
ARM GAS  C:\Users\jsing\AppData\Local\Temp\cc8v2ouw.s 			page 8


 204              		.size	HandleCapSenseSlider, .-HandleCapSenseSlider
 205              		.bss
 206              		.align	1
 207              	lastPosition.6709:
 208 0000 0000     		.space	2
 209              		.text
 210              	.Letext0:
 211              		.file 2 ".\\Generated_Source\\PSoC4/cytypes.h"
 212              		.file 3 "./BLEApplications.h"
 213              		.section	.debug_info,"",%progbits
 214              	.Ldebug_info0:
 215 0000 0B010000 		.4byte	0x10b
 216 0004 0400     		.2byte	0x4
 217 0006 00000000 		.4byte	.Ldebug_abbrev0
 218 000a 04       		.byte	0x4
 219 000b 01       		.uleb128 0x1
 220 000c ED000000 		.4byte	.LASF19
 221 0010 01       		.byte	0x1
 222 0011 DD000000 		.4byte	.LASF20
 223 0015 81010000 		.4byte	.LASF21
 224 0019 00000000 		.4byte	.Ldebug_ranges0+0
 225 001d 00000000 		.4byte	0
 226 0021 00000000 		.4byte	.Ldebug_line0
 227 0025 02       		.uleb128 0x2
 228 0026 01       		.byte	0x1
 229 0027 06       		.byte	0x6
 230 0028 6F010000 		.4byte	.LASF0
 231 002c 02       		.uleb128 0x2
 232 002d 01       		.byte	0x1
 233 002e 08       		.byte	0x8
 234 002f B1000000 		.4byte	.LASF1
 235 0033 02       		.uleb128 0x2
 236 0034 02       		.byte	0x2
 237 0035 05       		.byte	0x5
 238 0036 B2010000 		.4byte	.LASF2
 239 003a 02       		.uleb128 0x2
 240 003b 02       		.byte	0x2
 241 003c 07       		.byte	0x7
 242 003d 0E000000 		.4byte	.LASF3
 243 0041 02       		.uleb128 0x2
 244 0042 04       		.byte	0x4
 245 0043 05       		.byte	0x5
 246 0044 D4000000 		.4byte	.LASF4
 247 0048 02       		.uleb128 0x2
 248 0049 04       		.byte	0x4
 249 004a 07       		.byte	0x7
 250 004b 72000000 		.4byte	.LASF5
 251 004f 02       		.uleb128 0x2
 252 0050 08       		.byte	0x8
 253 0051 05       		.byte	0x5
 254 0052 00000000 		.4byte	.LASF6
 255 0056 02       		.uleb128 0x2
 256 0057 08       		.byte	0x8
 257 0058 07       		.byte	0x7
 258 0059 84000000 		.4byte	.LASF7
 259 005d 03       		.uleb128 0x3
 260 005e 04       		.byte	0x4
ARM GAS  C:\Users\jsing\AppData\Local\Temp\cc8v2ouw.s 			page 9


 261 005f 05       		.byte	0x5
 262 0060 696E7400 		.ascii	"int\000"
 263 0064 02       		.uleb128 0x2
 264 0065 04       		.byte	0x4
 265 0066 07       		.byte	0x7
 266 0067 21000000 		.4byte	.LASF8
 267 006b 04       		.uleb128 0x4
 268 006c 69010000 		.4byte	.LASF9
 269 0070 02       		.byte	0x2
 270 0071 A1       		.byte	0xa1
 271 0072 2C000000 		.4byte	0x2c
 272 0076 04       		.uleb128 0x4
 273 0077 BC010000 		.4byte	.LASF10
 274 007b 02       		.byte	0x2
 275 007c A2       		.byte	0xa2
 276 007d 3A000000 		.4byte	0x3a
 277 0081 02       		.uleb128 0x2
 278 0082 04       		.byte	0x4
 279 0083 04       		.byte	0x4
 280 0084 7B010000 		.4byte	.LASF11
 281 0088 02       		.uleb128 0x2
 282 0089 08       		.byte	0x8
 283 008a 04       		.byte	0x4
 284 008b E6000000 		.4byte	.LASF12
 285 008f 02       		.uleb128 0x2
 286 0090 01       		.byte	0x1
 287 0091 08       		.byte	0x8
 288 0092 AC000000 		.4byte	.LASF13
 289 0096 02       		.uleb128 0x2
 290 0097 04       		.byte	0x4
 291 0098 07       		.byte	0x7
 292 0099 D0010000 		.4byte	.LASF14
 293 009d 05       		.uleb128 0x5
 294 009e BF000000 		.4byte	.LASF22
 295 00a2 01       		.byte	0x1
 296 00a3 4A       		.byte	0x4a
 297 00a4 5D000000 		.4byte	0x5d
 298 00a8 00000000 		.4byte	.LFB35
 299 00ac 30000000 		.4byte	.LFE35-.LFB35
 300 00b0 01       		.uleb128 0x1
 301 00b1 9C       		.byte	0x9c
 302 00b2 06       		.uleb128 0x6
 303 00b3 9B000000 		.4byte	.LASF23
 304 00b7 01       		.byte	0x1
 305 00b8 76       		.byte	0x76
 306 00b9 00000000 		.4byte	.LFB36
 307 00bd 4C000000 		.4byte	.LFE36-.LFB36
 308 00c1 01       		.uleb128 0x1
 309 00c2 9C       		.byte	0x9c
 310 00c3 07       		.uleb128 0x7
 311 00c4 5D000000 		.4byte	.LASF24
 312 00c8 01       		.byte	0x1
 313 00c9 A2       		.byte	0xa2
 314 00ca 00000000 		.4byte	.LFB37
 315 00ce 68000000 		.4byte	.LFE37-.LFB37
 316 00d2 01       		.uleb128 0x1
 317 00d3 9C       		.byte	0x9c
ARM GAS  C:\Users\jsing\AppData\Local\Temp\cc8v2ouw.s 			page 10


 318 00d4 F8000000 		.4byte	0xf8
 319 00d8 08       		.uleb128 0x8
 320 00d9 C3010000 		.4byte	.LASF15
 321 00dd 01       		.byte	0x1
 322 00de A5       		.byte	0xa5
 323 00df 76000000 		.4byte	0x76
 324 00e3 05       		.uleb128 0x5
 325 00e4 03       		.byte	0x3
 326 00e5 00000000 		.4byte	lastPosition.6709
 327 00e9 08       		.uleb128 0x8
 328 00ea 4E000000 		.4byte	.LASF16
 329 00ee 01       		.byte	0x1
 330 00ef A8       		.byte	0xa8
 331 00f0 76000000 		.4byte	0x76
 332 00f4 02       		.uleb128 0x2
 333 00f5 91       		.byte	0x91
 334 00f6 6E       		.sleb128 -18
 335 00f7 00       		.byte	0
 336 00f8 09       		.uleb128 0x9
 337 00f9 C4000000 		.4byte	.LASF17
 338 00fd 03       		.byte	0x3
 339 00fe 55       		.byte	0x55
 340 00ff 6B000000 		.4byte	0x6b
 341 0103 09       		.uleb128 0x9
 342 0104 2E000000 		.4byte	.LASF18
 343 0108 03       		.byte	0x3
 344 0109 56       		.byte	0x56
 345 010a 6B000000 		.4byte	0x6b
 346 010e 00       		.byte	0
 347              		.section	.debug_abbrev,"",%progbits
 348              	.Ldebug_abbrev0:
 349 0000 01       		.uleb128 0x1
 350 0001 11       		.uleb128 0x11
 351 0002 01       		.byte	0x1
 352 0003 25       		.uleb128 0x25
 353 0004 0E       		.uleb128 0xe
 354 0005 13       		.uleb128 0x13
 355 0006 0B       		.uleb128 0xb
 356 0007 03       		.uleb128 0x3
 357 0008 0E       		.uleb128 0xe
 358 0009 1B       		.uleb128 0x1b
 359 000a 0E       		.uleb128 0xe
 360 000b 55       		.uleb128 0x55
 361 000c 17       		.uleb128 0x17
 362 000d 11       		.uleb128 0x11
 363 000e 01       		.uleb128 0x1
 364 000f 10       		.uleb128 0x10
 365 0010 17       		.uleb128 0x17
 366 0011 00       		.byte	0
 367 0012 00       		.byte	0
 368 0013 02       		.uleb128 0x2
 369 0014 24       		.uleb128 0x24
 370 0015 00       		.byte	0
 371 0016 0B       		.uleb128 0xb
 372 0017 0B       		.uleb128 0xb
 373 0018 3E       		.uleb128 0x3e
 374 0019 0B       		.uleb128 0xb
ARM GAS  C:\Users\jsing\AppData\Local\Temp\cc8v2ouw.s 			page 11


 375 001a 03       		.uleb128 0x3
 376 001b 0E       		.uleb128 0xe
 377 001c 00       		.byte	0
 378 001d 00       		.byte	0
 379 001e 03       		.uleb128 0x3
 380 001f 24       		.uleb128 0x24
 381 0020 00       		.byte	0
 382 0021 0B       		.uleb128 0xb
 383 0022 0B       		.uleb128 0xb
 384 0023 3E       		.uleb128 0x3e
 385 0024 0B       		.uleb128 0xb
 386 0025 03       		.uleb128 0x3
 387 0026 08       		.uleb128 0x8
 388 0027 00       		.byte	0
 389 0028 00       		.byte	0
 390 0029 04       		.uleb128 0x4
 391 002a 16       		.uleb128 0x16
 392 002b 00       		.byte	0
 393 002c 03       		.uleb128 0x3
 394 002d 0E       		.uleb128 0xe
 395 002e 3A       		.uleb128 0x3a
 396 002f 0B       		.uleb128 0xb
 397 0030 3B       		.uleb128 0x3b
 398 0031 0B       		.uleb128 0xb
 399 0032 49       		.uleb128 0x49
 400 0033 13       		.uleb128 0x13
 401 0034 00       		.byte	0
 402 0035 00       		.byte	0
 403 0036 05       		.uleb128 0x5
 404 0037 2E       		.uleb128 0x2e
 405 0038 00       		.byte	0
 406 0039 3F       		.uleb128 0x3f
 407 003a 19       		.uleb128 0x19
 408 003b 03       		.uleb128 0x3
 409 003c 0E       		.uleb128 0xe
 410 003d 3A       		.uleb128 0x3a
 411 003e 0B       		.uleb128 0xb
 412 003f 3B       		.uleb128 0x3b
 413 0040 0B       		.uleb128 0xb
 414 0041 49       		.uleb128 0x49
 415 0042 13       		.uleb128 0x13
 416 0043 11       		.uleb128 0x11
 417 0044 01       		.uleb128 0x1
 418 0045 12       		.uleb128 0x12
 419 0046 06       		.uleb128 0x6
 420 0047 40       		.uleb128 0x40
 421 0048 18       		.uleb128 0x18
 422 0049 9642     		.uleb128 0x2116
 423 004b 19       		.uleb128 0x19
 424 004c 00       		.byte	0
 425 004d 00       		.byte	0
 426 004e 06       		.uleb128 0x6
 427 004f 2E       		.uleb128 0x2e
 428 0050 00       		.byte	0
 429 0051 03       		.uleb128 0x3
 430 0052 0E       		.uleb128 0xe
 431 0053 3A       		.uleb128 0x3a
ARM GAS  C:\Users\jsing\AppData\Local\Temp\cc8v2ouw.s 			page 12


 432 0054 0B       		.uleb128 0xb
 433 0055 3B       		.uleb128 0x3b
 434 0056 0B       		.uleb128 0xb
 435 0057 27       		.uleb128 0x27
 436 0058 19       		.uleb128 0x19
 437 0059 11       		.uleb128 0x11
 438 005a 01       		.uleb128 0x1
 439 005b 12       		.uleb128 0x12
 440 005c 06       		.uleb128 0x6
 441 005d 40       		.uleb128 0x40
 442 005e 18       		.uleb128 0x18
 443 005f 9642     		.uleb128 0x2116
 444 0061 19       		.uleb128 0x19
 445 0062 00       		.byte	0
 446 0063 00       		.byte	0
 447 0064 07       		.uleb128 0x7
 448 0065 2E       		.uleb128 0x2e
 449 0066 01       		.byte	0x1
 450 0067 03       		.uleb128 0x3
 451 0068 0E       		.uleb128 0xe
 452 0069 3A       		.uleb128 0x3a
 453 006a 0B       		.uleb128 0xb
 454 006b 3B       		.uleb128 0x3b
 455 006c 0B       		.uleb128 0xb
 456 006d 27       		.uleb128 0x27
 457 006e 19       		.uleb128 0x19
 458 006f 11       		.uleb128 0x11
 459 0070 01       		.uleb128 0x1
 460 0071 12       		.uleb128 0x12
 461 0072 06       		.uleb128 0x6
 462 0073 40       		.uleb128 0x40
 463 0074 18       		.uleb128 0x18
 464 0075 9642     		.uleb128 0x2116
 465 0077 19       		.uleb128 0x19
 466 0078 01       		.uleb128 0x1
 467 0079 13       		.uleb128 0x13
 468 007a 00       		.byte	0
 469 007b 00       		.byte	0
 470 007c 08       		.uleb128 0x8
 471 007d 34       		.uleb128 0x34
 472 007e 00       		.byte	0
 473 007f 03       		.uleb128 0x3
 474 0080 0E       		.uleb128 0xe
 475 0081 3A       		.uleb128 0x3a
 476 0082 0B       		.uleb128 0xb
 477 0083 3B       		.uleb128 0x3b
 478 0084 0B       		.uleb128 0xb
 479 0085 49       		.uleb128 0x49
 480 0086 13       		.uleb128 0x13
 481 0087 02       		.uleb128 0x2
 482 0088 18       		.uleb128 0x18
 483 0089 00       		.byte	0
 484 008a 00       		.byte	0
 485 008b 09       		.uleb128 0x9
 486 008c 34       		.uleb128 0x34
 487 008d 00       		.byte	0
 488 008e 03       		.uleb128 0x3
ARM GAS  C:\Users\jsing\AppData\Local\Temp\cc8v2ouw.s 			page 13


 489 008f 0E       		.uleb128 0xe
 490 0090 3A       		.uleb128 0x3a
 491 0091 0B       		.uleb128 0xb
 492 0092 3B       		.uleb128 0x3b
 493 0093 0B       		.uleb128 0xb
 494 0094 49       		.uleb128 0x49
 495 0095 13       		.uleb128 0x13
 496 0096 3F       		.uleb128 0x3f
 497 0097 19       		.uleb128 0x19
 498 0098 3C       		.uleb128 0x3c
 499 0099 19       		.uleb128 0x19
 500 009a 00       		.byte	0
 501 009b 00       		.byte	0
 502 009c 00       		.byte	0
 503              		.section	.debug_aranges,"",%progbits
 504 0000 2C000000 		.4byte	0x2c
 505 0004 0200     		.2byte	0x2
 506 0006 00000000 		.4byte	.Ldebug_info0
 507 000a 04       		.byte	0x4
 508 000b 00       		.byte	0
 509 000c 0000     		.2byte	0
 510 000e 0000     		.2byte	0
 511 0010 00000000 		.4byte	.LFB35
 512 0014 30000000 		.4byte	.LFE35-.LFB35
 513 0018 00000000 		.4byte	.LFB36
 514 001c 4C000000 		.4byte	.LFE36-.LFB36
 515 0020 00000000 		.4byte	.LFB37
 516 0024 68000000 		.4byte	.LFE37-.LFB37
 517 0028 00000000 		.4byte	0
 518 002c 00000000 		.4byte	0
 519              		.section	.debug_ranges,"",%progbits
 520              	.Ldebug_ranges0:
 521 0000 00000000 		.4byte	.LFB35
 522 0004 30000000 		.4byte	.LFE35
 523 0008 00000000 		.4byte	.LFB36
 524 000c 4C000000 		.4byte	.LFE36
 525 0010 00000000 		.4byte	.LFB37
 526 0014 68000000 		.4byte	.LFE37
 527 0018 00000000 		.4byte	0
 528 001c 00000000 		.4byte	0
 529              		.section	.debug_line,"",%progbits
 530              	.Ldebug_line0:
 531 0000 BD000000 		.section	.debug_str,"MS",%progbits,1
 531      02005C00 
 531      00000201 
 531      FB0E0D00 
 531      01010101 
 532              	.LASF6:
 533 0000 6C6F6E67 		.ascii	"long long int\000"
 533      206C6F6E 
 533      6720696E 
 533      7400
 534              	.LASF3:
 535 000e 73686F72 		.ascii	"short unsigned int\000"
 535      7420756E 
 535      7369676E 
 535      65642069 
ARM GAS  C:\Users\jsing\AppData\Local\Temp\cc8v2ouw.s 			page 14


 535      6E7400
 536              	.LASF8:
 537 0021 756E7369 		.ascii	"unsigned int\000"
 537      676E6564 
 537      20696E74 
 537      00
 538              	.LASF18:
 539 002e 73656E64 		.ascii	"sendCapSenseSliderNotifications\000"
 539      43617053 
 539      656E7365 
 539      536C6964 
 539      65724E6F 
 540              	.LASF16:
 541 004e 736C6964 		.ascii	"sliderPosition\000"
 541      6572506F 
 541      73697469 
 541      6F6E00
 542              	.LASF24:
 543 005d 48616E64 		.ascii	"HandleCapSenseSlider\000"
 543      6C654361 
 543      7053656E 
 543      7365536C 
 543      69646572 
 544              	.LASF5:
 545 0072 6C6F6E67 		.ascii	"long unsigned int\000"
 545      20756E73 
 545      69676E65 
 545      6420696E 
 545      7400
 546              	.LASF7:
 547 0084 6C6F6E67 		.ascii	"long long unsigned int\000"
 547      206C6F6E 
 547      6720756E 
 547      7369676E 
 547      65642069 
 548              	.LASF23:
 549 009b 496E6974 		.ascii	"InitializeSystem\000"
 549      69616C69 
 549      7A655379 
 549      7374656D 
 549      00
 550              	.LASF13:
 551 00ac 63686172 		.ascii	"char\000"
 551      00
 552              	.LASF1:
 553 00b1 756E7369 		.ascii	"unsigned char\000"
 553      676E6564 
 553      20636861 
 553      7200
 554              	.LASF22:
 555 00bf 6D61696E 		.ascii	"main\000"
 555      00
 556              	.LASF17:
 557 00c4 64657669 		.ascii	"deviceConnected\000"
 557      6365436F 
 557      6E6E6563 
 557      74656400 
ARM GAS  C:\Users\jsing\AppData\Local\Temp\cc8v2ouw.s 			page 15


 558              	.LASF4:
 559 00d4 6C6F6E67 		.ascii	"long int\000"
 559      20696E74 
 559      00
 560              	.LASF20:
 561 00dd 2E5C6D61 		.ascii	".\\main.c\000"
 561      696E2E63 
 561      00
 562              	.LASF12:
 563 00e6 646F7562 		.ascii	"double\000"
 563      6C6500
 564              	.LASF19:
 565 00ed 474E5520 		.ascii	"GNU C 4.8.4 20140526 (release) [ARM/embedded-4_8-br"
 565      4320342E 
 565      382E3420 
 565      32303134 
 565      30353236 
 566 0120 616E6368 		.ascii	"anch revision 211358] -mcpu=cortex-m0 -mthumb -g -O"
 566      20726576 
 566      6973696F 
 566      6E203231 
 566      31333538 
 567 0153 30202D66 		.ascii	"0 -ffunction-sections\000"
 567      66756E63 
 567      74696F6E 
 567      2D736563 
 567      74696F6E 
 568              	.LASF9:
 569 0169 75696E74 		.ascii	"uint8\000"
 569      3800
 570              	.LASF0:
 571 016f 7369676E 		.ascii	"signed char\000"
 571      65642063 
 571      68617200 
 572              	.LASF11:
 573 017b 666C6F61 		.ascii	"float\000"
 573      7400
 574              	.LASF21:
 575 0181 443A5C55 		.ascii	"D:\\Users\\jsing\\Desktop\\BLE Lab 4\\BLE Lab 4.cyd"
 575      73657273 
 575      5C6A7369 
 575      6E675C44 
 575      65736B74 
 576 01af 736E00   		.ascii	"sn\000"
 577              	.LASF2:
 578 01b2 73686F72 		.ascii	"short int\000"
 578      7420696E 
 578      7400
 579              	.LASF10:
 580 01bc 75696E74 		.ascii	"uint16\000"
 580      313600
 581              	.LASF15:
 582 01c3 6C617374 		.ascii	"lastPosition\000"
 582      506F7369 
 582      74696F6E 
 582      00
 583              	.LASF14:
ARM GAS  C:\Users\jsing\AppData\Local\Temp\cc8v2ouw.s 			page 16


 584 01d0 73697A65 		.ascii	"sizetype\000"
 584      74797065 
 584      00
 585              		.ident	"GCC: (GNU Tools for ARM Embedded Processors) 4.8.4 20140526 (release) [ARM/embedded-4_8-br
