ARM GAS  C:\Users\jsing\AppData\Local\Temp\ccqU7jI7.s 			page 1


   1              		.cpu cortex-m0
   2              		.fpu softvfp
   3              		.eabi_attribute 20, 1
   4              		.eabi_attribute 21, 1
   5              		.eabi_attribute 23, 3
   6              		.eabi_attribute 24, 1
   7              		.eabi_attribute 25, 1
   8              		.eabi_attribute 26, 1
   9              		.eabi_attribute 30, 6
  10              		.eabi_attribute 34, 0
  11              		.eabi_attribute 18, 4
  12              		.code	16
  13              		.file	"main.c"
  14              		.text
  15              	.Ltext0:
  16              		.cfi_sections	.debug_frame
  17              		.section	.text.main,"ax",%progbits
  18              		.align	2
  19              		.global	main
  20              		.code	16
  21              		.thumb_func
  22              		.type	main, %function
  23              	main:
  24              	.LFB35:
  25              		.file 1 ".\\main.c"
   1:.\main.c      **** /*****************************************************************************
   2:.\main.c      **** * File Name: main.c
   3:.\main.c      **** *
   4:.\main.c      **** * Version: 1.0
   5:.\main.c      **** *
   6:.\main.c      **** * Description:
   7:.\main.c      **** * This is the top level application for the PSoC 4 BLE Lab 4.
   8:.\main.c      **** *
   9:.\main.c      **** * Hardware Dependency:
  10:.\main.c      **** * CY8CKIT-042 BLE Pioneer Kit
  11:.\main.c      **** *
  12:.\main.c      **** ******************************************************************************
  13:.\main.c      **** * Copyright (2014), Cypress Semiconductor Corporation.
  14:.\main.c      **** ******************************************************************************
  15:.\main.c      **** * This software is owned by Cypress Semiconductor Corporation (Cypress) and is
  16:.\main.c      **** * protected by and subject to worldwide patent protection (United States and
  17:.\main.c      **** * foreign), United States copyright laws and international treaty provisions.
  18:.\main.c      **** * Cypress hereby grants to licensee a personal, non-exclusive, non-transferable
  19:.\main.c      **** * license to copy, use, modify, create derivative works of, and compile the
  20:.\main.c      **** * Cypress Source Code and derivative works for the sole purpose of creating
  21:.\main.c      **** * custom software in support of licensee product to be used only in conjunction
  22:.\main.c      **** * with a Cypress integrated circuit as specified in the applicable agreement.
  23:.\main.c      **** * Any reproduction, modification, translation, compilation, or representation of
  24:.\main.c      **** * this software except as specified above is prohibited without the express
  25:.\main.c      **** * written permission of Cypress.
  26:.\main.c      **** *
  27:.\main.c      **** * Disclaimer: CYPRESS MAKES NO WARRANTY OF ANY KIND, EXPRESS OR IMPLIED, WITH
  28:.\main.c      **** * REGARD TO THIS MATERIAL, INCLUDING, BUT NOT LIMITED TO, THE IMPLIED
  29:.\main.c      **** * WARRANTIES OF MERCHANTABILITY AND FITNESS FOR A PARTICULAR PURPOSE.
  30:.\main.c      **** * Cypress reserves the right to make changes without further notice to the
  31:.\main.c      **** * materials described herein. Cypress does not assume any liability arising out
  32:.\main.c      **** * of the application or use of any product or circuit described herein. Cypress
ARM GAS  C:\Users\jsing\AppData\Local\Temp\ccqU7jI7.s 			page 2


  33:.\main.c      **** * does not authorize its products for use as critical components in life-support
  34:.\main.c      **** * systems where a malfunction or failure may reasonably be expected to result in
  35:.\main.c      **** * significant injury to the user. The inclusion of Cypress' product in a life-
  36:.\main.c      **** * support systems application implies that the manufacturer assumes all risk of
  37:.\main.c      **** * such use and in doing so indemnifies Cypress against all charges. Use may be
  38:.\main.c      **** * limited by and subject to the applicable Cypress software license agreement.
  39:.\main.c      **** *****************************************************************************/
  40:.\main.c      **** 
  41:.\main.c      **** 
  42:.\main.c      **** /*****************************************************************************
  43:.\main.c      **** * Included headers
  44:.\main.c      **** *****************************************************************************/
  45:.\main.c      **** #include <main.h>
  46:.\main.c      **** #include <BLEApplications.h>
  47:.\main.c      **** #include <stdbool.h>
  48:.\main.c      **** 
  49:.\main.c      **** 
  50:.\main.c      **** 
  51:.\main.c      **** /*****************************************************************************
  52:.\main.c      **** * Function Prototypes
  53:.\main.c      **** *****************************************************************************/
  54:.\main.c      **** static void InitializeSystem(void);
  55:.\main.c      **** static void HandleCapSenseSlider(void);
  56:.\main.c      **** 
  57:.\main.c      **** 
  58:.\main.c      **** /*****************************************************************************
  59:.\main.c      **** * Public functions
  60:.\main.c      **** *****************************************************************************/
  61:.\main.c      **** 
  62:.\main.c      **** /*******************************************************************************
  63:.\main.c      **** * Function Name: main
  64:.\main.c      **** ********************************************************************************
  65:.\main.c      **** * Summary:
  66:.\main.c      **** * System entrance point. This calls the initializing function and continuously
  67:.\main.c      **** * process BLE and CapSense events.
  68:.\main.c      **** *
  69:.\main.c      **** * Parameters:
  70:.\main.c      **** *  void
  71:.\main.c      **** *
  72:.\main.c      **** * Return:
  73:.\main.c      **** *  int
  74:.\main.c      **** *
  75:.\main.c      **** *******************************************************************************/
  76:.\main.c      **** int main()
  77:.\main.c      **** {
  26              		.loc 1 77 0
  27              		.cfi_startproc
  28 0000 80B5     		push	{r7, lr}
  29              		.cfi_def_cfa_offset 8
  30              		.cfi_offset 7, -8
  31              		.cfi_offset 14, -4
  32 0002 00AF     		add	r7, sp, #0
  33              		.cfi_def_cfa_register 7
  78:.\main.c      **** 
  79:.\main.c      **** 	/* This function will initialize the system resources such as BLE and CapSense */
  80:.\main.c      ****     InitializeSystem();
  34              		.loc 1 80 0
ARM GAS  C:\Users\jsing\AppData\Local\Temp\ccqU7jI7.s 			page 3


  35 0004 FFF7FEFF 		bl	InitializeSystem
  81:.\main.c      ****     CapSense_EnableWidget(CapSense_PROXIMITYSENSOR0__PROX);
  36              		.loc 1 81 0
  37 0008 0020     		mov	r0, #0
  38 000a FFF7FEFF 		bl	CapSense_EnableWidget
  39              	.L3:
  82:.\main.c      ****     
  83:.\main.c      **** 
  84:.\main.c      ****     for(;;)
  85:.\main.c      ****     {
  86:.\main.c      ****         
  87:.\main.c      ****     
  88:.\main.c      **** 
  89:.\main.c      **** 
  90:.\main.c      ****         /*Process event callback to handle BLE events. The events generated and 
  91:.\main.c      **** 		* used for this application are inside the 'CustomEventHandler' routine*/
  92:.\main.c      ****         CyBle_ProcessEvents();
  40              		.loc 1 92 0
  41 000e FFF7FEFF 		bl	CyBle_ProcessEvents
  93:.\main.c      **** 		
  94:.\main.c      **** 		if(TRUE == deviceConnected)
  42              		.loc 1 94 0
  43 0012 054B     		ldr	r3, .L4
  44 0014 1B78     		ldrb	r3, [r3]
  45 0016 012B     		cmp	r3, #1
  46 0018 04D1     		bne	.L2
  95:.\main.c      **** 		{
  96:.\main.c      ****             /* When the Client Characteristic Configuration descriptor (CCCD) is
  97:.\main.c      ****              * written by Central device for enabling/disabling notifications, 
  98:.\main.c      ****              * then the same descriptor value has to be explicitly updated in 
  99:.\main.c      ****              * application so that it reflects the correct value when the 
 100:.\main.c      ****              * descriptor is read */
 101:.\main.c      **** 			UpdateNotificationCCCD();
  47              		.loc 1 101 0
  48 001a FFF7FEFF 		bl	UpdateNotificationCCCD
 102:.\main.c      **** 			
 103:.\main.c      **** 			/* Send CapSense Slider data when respective notification is enabled */
 104:.\main.c      **** 			//if(TRUE == sendCapSenseSliderNotifications)
 105:.\main.c      **** 			//{
 106:.\main.c      **** 				/* Check for CapSense slider swipe and send data accordingly */
 107:.\main.c      **** 				HandleCapSenseSlider();
  49              		.loc 1 107 0
  50 001e FFF7FEFF 		bl	HandleCapSenseSlider
 108:.\main.c      **** 			//}
 109:.\main.c      **** 		}
 110:.\main.c      ****         
 111:.\main.c      ****     }	
  51              		.loc 1 111 0
  52 0022 F4E7     		b	.L3
  53              	.L2:
  54 0024 F3E7     		b	.L3
  55              	.L5:
  56 0026 C046     		.align	2
  57              	.L4:
  58 0028 00000000 		.word	deviceConnected
  59              		.cfi_endproc
  60              	.LFE35:
ARM GAS  C:\Users\jsing\AppData\Local\Temp\ccqU7jI7.s 			page 4


  61              		.size	main, .-main
  62              		.section	.text.InitializeSystem,"ax",%progbits
  63              		.align	2
  64              		.code	16
  65              		.thumb_func
  66              		.type	InitializeSystem, %function
  67              	InitializeSystem:
  68              	.LFB36:
 112:.\main.c      **** }
 113:.\main.c      **** 
 114:.\main.c      **** 
 115:.\main.c      **** /*******************************************************************************
 116:.\main.c      **** * Function Name: InitializeSystem
 117:.\main.c      **** ********************************************************************************
 118:.\main.c      **** * Summary:
 119:.\main.c      **** * Start the components and initialize system.
 120:.\main.c      **** *
 121:.\main.c      **** * Parameters:
 122:.\main.c      **** *  void
 123:.\main.c      **** *
 124:.\main.c      **** * Return:
 125:.\main.c      **** *  void
 126:.\main.c      **** *
 127:.\main.c      **** *******************************************************************************/
 128:.\main.c      **** void InitializeSystem(void)
 129:.\main.c      **** {
  69              		.loc 1 129 0
  70              		.cfi_startproc
  71 0000 80B5     		push	{r7, lr}
  72              		.cfi_def_cfa_offset 8
  73              		.cfi_offset 7, -8
  74              		.cfi_offset 14, -4
  75 0002 00AF     		add	r7, sp, #0
  76              		.cfi_def_cfa_register 7
 130:.\main.c      **** 	/* Enable global interrupt mask */
 131:.\main.c      **** 	CyGlobalIntEnable; 
  77              		.loc 1 131 0
  78              	@ 131 ".\main.c" 1
  79 0004 62B6     		CPSIE   i
  80              	@ 0 "" 2
 132:.\main.c      ****    
 133:.\main.c      ****     /*enable the proximity sensor*/
 134:.\main.c      **** 
 135:.\main.c      **** 	/* Start BLE component and register the CustomEventHandler function. This 
 136:.\main.c      **** 	 * function exposes the events from BLE component for application use */
 137:.\main.c      ****     CyBle_Start(CustomEventHandler);	
  81              		.loc 1 137 0
  82              		.code	16
  83 0006 104B     		ldr	r3, .L7
  84 0008 181C     		mov	r0, r3
  85 000a FFF7FEFF 		bl	CyBle_Start
 138:.\main.c      ****     
 139:.\main.c      **** 	/* Start both the PrISM components for LED control*/
 140:.\main.c      ****     PRS_1_Start();
  86              		.loc 1 140 0
  87 000e FFF7FEFF 		bl	PRS_1_Start
 141:.\main.c      ****     PRS_2_Start();
ARM GAS  C:\Users\jsing\AppData\Local\Temp\ccqU7jI7.s 			page 5


  88              		.loc 1 141 0
  89 0012 FFF7FEFF 		bl	PRS_2_Start
 142:.\main.c      **** 	
 143:.\main.c      **** 	/* The RGB LED on BLE Pioneer kit are active low. Drive HIGH on 
 144:.\main.c      **** 	 * pin for OFF and drive LOW on pin for ON*/
 145:.\main.c      **** 	PRS_1_WritePulse0(RGB_LED_OFF);
  90              		.loc 1 145 0
  91 0016 FF20     		mov	r0, #255
  92 0018 FFF7FEFF 		bl	PRS_1_WritePulse0
 146:.\main.c      **** 	PRS_1_WritePulse1(RGB_LED_OFF);
  93              		.loc 1 146 0
  94 001c FF20     		mov	r0, #255
  95 001e FFF7FEFF 		bl	PRS_1_WritePulse1
 147:.\main.c      **** 	PRS_2_WritePulse0(RGB_LED_OFF);
  96              		.loc 1 147 0
  97 0022 FF20     		mov	r0, #255
  98 0024 FFF7FEFF 		bl	PRS_2_WritePulse0
 148:.\main.c      **** 	
 149:.\main.c      **** 	/* Set Drive mode of output pins from HiZ to Strong */
 150:.\main.c      **** 	RED_SetDriveMode(RED_DM_STRONG);
  99              		.loc 1 150 0
 100 0028 0620     		mov	r0, #6
 101 002a FFF7FEFF 		bl	RED_SetDriveMode
 151:.\main.c      **** 	GREEN_SetDriveMode(GREEN_DM_STRONG);
 102              		.loc 1 151 0
 103 002e 0620     		mov	r0, #6
 104 0030 FFF7FEFF 		bl	GREEN_SetDriveMode
 152:.\main.c      **** 	BLUE_SetDriveMode(BLUE_DM_STRONG);
 105              		.loc 1 152 0
 106 0034 0620     		mov	r0, #6
 107 0036 FFF7FEFF 		bl	BLUE_SetDriveMode
 153:.\main.c      **** 	
 154:.\main.c      **** 	/* Initialize CapSense component and initialize baselines*/
 155:.\main.c      **** 	CapSense_Start();
 108              		.loc 1 155 0
 109 003a FFF7FEFF 		bl	CapSense_Start
 156:.\main.c      **** 	CapSense_InitializeAllBaselines();
 110              		.loc 1 156 0
 111 003e FFF7FEFF 		bl	CapSense_InitializeAllBaselines
 157:.\main.c      **** }
 112              		.loc 1 157 0
 113 0042 BD46     		mov	sp, r7
 114              		@ sp needed
 115 0044 80BD     		pop	{r7, pc}
 116              	.L8:
 117 0046 C046     		.align	2
 118              	.L7:
 119 0048 00000000 		.word	CustomEventHandler
 120              		.cfi_endproc
 121              	.LFE36:
 122              		.size	InitializeSystem, .-InitializeSystem
 123              		.section	.text.HandleCapSenseSlider,"ax",%progbits
 124              		.align	2
 125              		.code	16
 126              		.thumb_func
 127              		.type	HandleCapSenseSlider, %function
 128              	HandleCapSenseSlider:
ARM GAS  C:\Users\jsing\AppData\Local\Temp\ccqU7jI7.s 			page 6


 129              	.LFB37:
 158:.\main.c      **** 
 159:.\main.c      **** 
 160:.\main.c      **** /*******************************************************************************
 161:.\main.c      **** * Function Name: HandleCapSenseSlider
 162:.\main.c      **** ********************************************************************************
 163:.\main.c      **** * Summary:
 164:.\main.c      **** * This function scans for finger position on CapSense slider, and if the  
 165:.\main.c      **** * position is different, triggers separate routine for BLE notification.
 166:.\main.c      **** *
 167:.\main.c      **** * Parameters:
 168:.\main.c      **** *  void
 169:.\main.c      **** *
 170:.\main.c      **** * Return:
 171:.\main.c      **** *  void
 172:.\main.c      **** *
 173:.\main.c      **** *******************************************************************************/
 174:.\main.c      **** void HandleCapSenseSlider(void)
 175:.\main.c      **** {
 130              		.loc 1 175 0
 131              		.cfi_startproc
 132 0000 90B5     		push	{r4, r7, lr}
 133              		.cfi_def_cfa_offset 12
 134              		.cfi_offset 4, -12
 135              		.cfi_offset 7, -8
 136              		.cfi_offset 14, -4
 137 0002 83B0     		sub	sp, sp, #12
 138              		.cfi_def_cfa_offset 24
 139 0004 00AF     		add	r7, sp, #0
 140              		.cfi_def_cfa_register 7
 176:.\main.c      **** 
 177:.\main.c      **** 	/* Last read CapSense slider position value */
 178:.\main.c      ****     static uint8 lastPosition;	
 179:.\main.c      **** 	
 180:.\main.c      **** 	/* Present slider position read by CapSense */
 181:.\main.c      **** 	uint8 sliderPosition;
 182:.\main.c      **** 		
 183:.\main.c      **** 	/* Update CapSense baseline for next reading*/
 184:.\main.c      **** 	CapSense_UpdateEnabledBaselines();	
 141              		.loc 1 184 0
 142 0006 FFF7FEFF 		bl	CapSense_UpdateEnabledBaselines
 185:.\main.c      **** 		
 186:.\main.c      **** 	/* Scan the slider widget */
 187:.\main.c      **** 	CapSense_ScanEnabledWidgets();			
 143              		.loc 1 187 0
 144 000a FFF7FEFF 		bl	CapSense_ScanEnabledWidgets
 188:.\main.c      **** 	
 189:.\main.c      **** 	/* Wait for CapSense scanning to be complete. This could take about 5 ms */
 190:.\main.c      **** 	while(CapSense_IsBusy());
 145              		.loc 1 190 0
 146 000e C046     		mov	r8, r8
 147              	.L10:
 148              		.loc 1 190 0 is_stmt 0 discriminator 1
 149 0010 FFF7FEFF 		bl	CapSense_IsBusy
 150 0014 031C     		mov	r3, r0
 151 0016 002B     		cmp	r3, #0
 152 0018 FAD1     		bne	.L10
ARM GAS  C:\Users\jsing\AppData\Local\Temp\ccqU7jI7.s 			page 7


 191:.\main.c      ****     
 192:.\main.c      **** 	
 193:.\main.c      **** 	/* Read the finger position on the slider */
 194:.\main.c      **** 	sliderPosition = CapSense_GetDiffCountData(CapSense_PROXIMITYSENSOR0__PROX);	
 153              		.loc 1 194 0 is_stmt 1
 154 001a FC1D     		add	r4, r7, #7
 155 001c 0020     		mov	r0, #0
 156 001e FFF7FEFF 		bl	CapSense_GetDiffCountData
 157 0022 031C     		mov	r3, r0
 158 0024 2370     		strb	r3, [r4]
 195:.\main.c      ****     
 196:.\main.c      ****     CapSense_CheckIsWidgetActive(CapSense_PROXIMITYSENSOR0__PROX);
 159              		.loc 1 196 0
 160 0026 0020     		mov	r0, #0
 161 0028 FFF7FEFF 		bl	CapSense_CheckIsWidgetActive
 197:.\main.c      **** 	SendCapSenseNotification((uint8)sliderPosition);
 162              		.loc 1 197 0
 163 002c FB1D     		add	r3, r7, #7
 164 002e 1B78     		ldrb	r3, [r3]
 165 0030 181C     		mov	r0, r3
 166 0032 FFF7FEFF 		bl	SendCapSenseNotification
 198:.\main.c      **** 
 199:.\main.c      **** 	/*If finger is detected on the slider*/
 200:.\main.c      **** 	//if((sliderPosition != NO_FINGER) && (sliderPosition <= SLIDER_MAX_VALUE))
 201:.\main.c      **** 	//{
 202:.\main.c      ****         /* If finger position on the slider is changed then send data as BLE 
 203:.\main.c      ****          * notifications */
 204:.\main.c      ****       if(sliderPosition != lastPosition)
 167              		.loc 1 204 0
 168 0036 0B4B     		ldr	r3, .L13
 169 0038 1B78     		ldrb	r3, [r3]
 170 003a FA1D     		add	r2, r7, #7
 171 003c 1278     		ldrb	r2, [r2]
 172 003e 9A42     		cmp	r2, r3
 173 0040 03D0     		beq	.L11
 205:.\main.c      **** 	    {
 206:.\main.c      **** 			/* Update global variable with present finger position on slider*/
 207:.\main.c      **** 			lastPosition = sliderPosition;
 174              		.loc 1 207 0
 175 0042 084B     		ldr	r3, .L13
 176 0044 FA1D     		add	r2, r7, #7
 177 0046 1278     		ldrb	r2, [r2]
 178 0048 1A70     		strb	r2, [r3]
 179              	.L11:
 208:.\main.c      **** 
 209:.\main.c      **** 		//	SendCapSenseNotification((uint8)sliderPosition);
 210:.\main.c      **** 
 211:.\main.c      **** 		}	
 212:.\main.c      **** 	//}	
 213:.\main.c      ****     if(enterHibernateFlag){
 180              		.loc 1 213 0
 181 004a 074B     		ldr	r3, .L13+4
 182 004c 1B78     		ldrb	r3, [r3]
 183 004e 002B     		cmp	r3, #0
 184 0050 05D0     		beq	.L9
 214:.\main.c      ****         SW_Int_Start();
 185              		.loc 1 214 0
ARM GAS  C:\Users\jsing\AppData\Local\Temp\ccqU7jI7.s 			page 8


 186 0052 FFF7FEFF 		bl	SW_Int_Start
 215:.\main.c      ****         SW_ClearInterrupt();  
 187              		.loc 1 215 0
 188 0056 FFF7FEFF 		bl	SW_ClearInterrupt
 216:.\main.c      ****         CySysPmSleep();
 189              		.loc 1 216 0
 190 005a FFF7FEFF 		bl	CySysPmSleep
 191              	.L9:
 217:.\main.c      ****     }
 218:.\main.c      **** }
 192              		.loc 1 218 0
 193 005e BD46     		mov	sp, r7
 194 0060 03B0     		add	sp, sp, #12
 195              		@ sp needed
 196 0062 90BD     		pop	{r4, r7, pc}
 197              	.L14:
 198              		.align	2
 199              	.L13:
 200 0064 00000000 		.word	lastPosition.6752
 201 0068 00000000 		.word	enterHibernateFlag
 202              		.cfi_endproc
 203              	.LFE37:
 204              		.size	HandleCapSenseSlider, .-HandleCapSenseSlider
 205              		.bss
 206              	lastPosition.6752:
 207 0000 00       		.space	1
 208              		.text
 209              	.Letext0:
 210              		.file 2 "./BLEApplications.h"
 211              		.file 3 ".\\Generated_Source\\PSoC4/cytypes.h"
 212              		.section	.debug_info,"",%progbits
 213              	.Ldebug_info0:
 214 0000 07010000 		.4byte	0x107
 215 0004 0400     		.2byte	0x4
 216 0006 00000000 		.4byte	.Ldebug_abbrev0
 217 000a 04       		.byte	0x4
 218 000b 01       		.uleb128 0x1
 219 000c 4C010000 		.4byte	.LASF18
 220 0010 01       		.byte	0x1
 221 0011 77000000 		.4byte	.LASF19
 222 0015 E6000000 		.4byte	.LASF20
 223 0019 00000000 		.4byte	.Ldebug_ranges0+0
 224 001d 00000000 		.4byte	0
 225 0021 00000000 		.4byte	.Ldebug_line0
 226 0025 02       		.uleb128 0x2
 227 0026 01       		.byte	0x1
 228 0027 06       		.byte	0x6
 229 0028 30010000 		.4byte	.LASF0
 230 002c 02       		.uleb128 0x2
 231 002d 01       		.byte	0x1
 232 002e 08       		.byte	0x8
 233 002f AD000000 		.4byte	.LASF1
 234 0033 02       		.uleb128 0x2
 235 0034 02       		.byte	0x2
 236 0035 05       		.byte	0x5
 237 0036 42010000 		.4byte	.LASF2
 238 003a 02       		.uleb128 0x2
ARM GAS  C:\Users\jsing\AppData\Local\Temp\ccqU7jI7.s 			page 9


 239 003b 02       		.byte	0x2
 240 003c 07       		.byte	0x7
 241 003d 0E000000 		.4byte	.LASF3
 242 0041 02       		.uleb128 0x2
 243 0042 04       		.byte	0x4
 244 0043 05       		.byte	0x5
 245 0044 D0000000 		.4byte	.LASF4
 246 0048 02       		.uleb128 0x2
 247 0049 04       		.byte	0x4
 248 004a 07       		.byte	0x7
 249 004b 65000000 		.4byte	.LASF5
 250 004f 02       		.uleb128 0x2
 251 0050 08       		.byte	0x8
 252 0051 05       		.byte	0x5
 253 0052 00000000 		.4byte	.LASF6
 254 0056 02       		.uleb128 0x2
 255 0057 08       		.byte	0x8
 256 0058 07       		.byte	0x7
 257 0059 80000000 		.4byte	.LASF7
 258 005d 03       		.uleb128 0x3
 259 005e 04       		.byte	0x4
 260 005f 05       		.byte	0x5
 261 0060 696E7400 		.ascii	"int\000"
 262 0064 02       		.uleb128 0x2
 263 0065 04       		.byte	0x4
 264 0066 07       		.byte	0x7
 265 0067 21000000 		.4byte	.LASF8
 266 006b 04       		.uleb128 0x4
 267 006c 2A010000 		.4byte	.LASF21
 268 0070 03       		.byte	0x3
 269 0071 A1       		.byte	0xa1
 270 0072 2C000000 		.4byte	0x2c
 271 0076 02       		.uleb128 0x2
 272 0077 04       		.byte	0x4
 273 0078 04       		.byte	0x4
 274 0079 3C010000 		.4byte	.LASF9
 275 007d 02       		.uleb128 0x2
 276 007e 08       		.byte	0x8
 277 007f 04       		.byte	0x4
 278 0080 D9000000 		.4byte	.LASF10
 279 0084 02       		.uleb128 0x2
 280 0085 01       		.byte	0x1
 281 0086 08       		.byte	0x8
 282 0087 A8000000 		.4byte	.LASF11
 283 008b 02       		.uleb128 0x2
 284 008c 04       		.byte	0x4
 285 008d 07       		.byte	0x7
 286 008e D5010000 		.4byte	.LASF12
 287 0092 05       		.uleb128 0x5
 288 0093 BB000000 		.4byte	.LASF22
 289 0097 01       		.byte	0x1
 290 0098 4C       		.byte	0x4c
 291 0099 5D000000 		.4byte	0x5d
 292 009d 00000000 		.4byte	.LFB35
 293 00a1 2C000000 		.4byte	.LFE35-.LFB35
 294 00a5 01       		.uleb128 0x1
 295 00a6 9C       		.byte	0x9c
ARM GAS  C:\Users\jsing\AppData\Local\Temp\ccqU7jI7.s 			page 10


 296 00a7 06       		.uleb128 0x6
 297 00a8 97000000 		.4byte	.LASF23
 298 00ac 01       		.byte	0x1
 299 00ad 80       		.byte	0x80
 300 00ae 00000000 		.4byte	.LFB36
 301 00b2 4C000000 		.4byte	.LFE36-.LFB36
 302 00b6 01       		.uleb128 0x1
 303 00b7 9C       		.byte	0x9c
 304 00b8 07       		.uleb128 0x7
 305 00b9 50000000 		.4byte	.LASF24
 306 00bd 01       		.byte	0x1
 307 00be AE       		.byte	0xae
 308 00bf 00000000 		.4byte	.LFB37
 309 00c3 6C000000 		.4byte	.LFE37-.LFB37
 310 00c7 01       		.uleb128 0x1
 311 00c8 9C       		.byte	0x9c
 312 00c9 ED000000 		.4byte	0xed
 313 00cd 08       		.uleb128 0x8
 314 00ce C8010000 		.4byte	.LASF13
 315 00d2 01       		.byte	0x1
 316 00d3 B2       		.byte	0xb2
 317 00d4 6B000000 		.4byte	0x6b
 318 00d8 05       		.uleb128 0x5
 319 00d9 03       		.byte	0x3
 320 00da 00000000 		.4byte	lastPosition.6752
 321 00de 08       		.uleb128 0x8
 322 00df 2E000000 		.4byte	.LASF14
 323 00e3 01       		.byte	0x1
 324 00e4 B5       		.byte	0xb5
 325 00e5 6B000000 		.4byte	0x6b
 326 00e9 02       		.uleb128 0x2
 327 00ea 91       		.byte	0x91
 328 00eb 6F       		.sleb128 -17
 329 00ec 00       		.byte	0
 330 00ed 09       		.uleb128 0x9
 331 00ee C0000000 		.4byte	.LASF15
 332 00f2 02       		.byte	0x2
 333 00f3 57       		.byte	0x57
 334 00f4 6B000000 		.4byte	0x6b
 335 00f8 09       		.uleb128 0x9
 336 00f9 3D000000 		.4byte	.LASF16
 337 00fd 02       		.byte	0x2
 338 00fe 5A       		.byte	0x5a
 339 00ff 03010000 		.4byte	0x103
 340 0103 02       		.uleb128 0x2
 341 0104 01       		.byte	0x1
 342 0105 02       		.byte	0x2
 343 0106 E0000000 		.4byte	.LASF17
 344 010a 00       		.byte	0
 345              		.section	.debug_abbrev,"",%progbits
 346              	.Ldebug_abbrev0:
 347 0000 01       		.uleb128 0x1
 348 0001 11       		.uleb128 0x11
 349 0002 01       		.byte	0x1
 350 0003 25       		.uleb128 0x25
 351 0004 0E       		.uleb128 0xe
 352 0005 13       		.uleb128 0x13
ARM GAS  C:\Users\jsing\AppData\Local\Temp\ccqU7jI7.s 			page 11


 353 0006 0B       		.uleb128 0xb
 354 0007 03       		.uleb128 0x3
 355 0008 0E       		.uleb128 0xe
 356 0009 1B       		.uleb128 0x1b
 357 000a 0E       		.uleb128 0xe
 358 000b 55       		.uleb128 0x55
 359 000c 17       		.uleb128 0x17
 360 000d 11       		.uleb128 0x11
 361 000e 01       		.uleb128 0x1
 362 000f 10       		.uleb128 0x10
 363 0010 17       		.uleb128 0x17
 364 0011 00       		.byte	0
 365 0012 00       		.byte	0
 366 0013 02       		.uleb128 0x2
 367 0014 24       		.uleb128 0x24
 368 0015 00       		.byte	0
 369 0016 0B       		.uleb128 0xb
 370 0017 0B       		.uleb128 0xb
 371 0018 3E       		.uleb128 0x3e
 372 0019 0B       		.uleb128 0xb
 373 001a 03       		.uleb128 0x3
 374 001b 0E       		.uleb128 0xe
 375 001c 00       		.byte	0
 376 001d 00       		.byte	0
 377 001e 03       		.uleb128 0x3
 378 001f 24       		.uleb128 0x24
 379 0020 00       		.byte	0
 380 0021 0B       		.uleb128 0xb
 381 0022 0B       		.uleb128 0xb
 382 0023 3E       		.uleb128 0x3e
 383 0024 0B       		.uleb128 0xb
 384 0025 03       		.uleb128 0x3
 385 0026 08       		.uleb128 0x8
 386 0027 00       		.byte	0
 387 0028 00       		.byte	0
 388 0029 04       		.uleb128 0x4
 389 002a 16       		.uleb128 0x16
 390 002b 00       		.byte	0
 391 002c 03       		.uleb128 0x3
 392 002d 0E       		.uleb128 0xe
 393 002e 3A       		.uleb128 0x3a
 394 002f 0B       		.uleb128 0xb
 395 0030 3B       		.uleb128 0x3b
 396 0031 0B       		.uleb128 0xb
 397 0032 49       		.uleb128 0x49
 398 0033 13       		.uleb128 0x13
 399 0034 00       		.byte	0
 400 0035 00       		.byte	0
 401 0036 05       		.uleb128 0x5
 402 0037 2E       		.uleb128 0x2e
 403 0038 00       		.byte	0
 404 0039 3F       		.uleb128 0x3f
 405 003a 19       		.uleb128 0x19
 406 003b 03       		.uleb128 0x3
 407 003c 0E       		.uleb128 0xe
 408 003d 3A       		.uleb128 0x3a
 409 003e 0B       		.uleb128 0xb
ARM GAS  C:\Users\jsing\AppData\Local\Temp\ccqU7jI7.s 			page 12


 410 003f 3B       		.uleb128 0x3b
 411 0040 0B       		.uleb128 0xb
 412 0041 49       		.uleb128 0x49
 413 0042 13       		.uleb128 0x13
 414 0043 11       		.uleb128 0x11
 415 0044 01       		.uleb128 0x1
 416 0045 12       		.uleb128 0x12
 417 0046 06       		.uleb128 0x6
 418 0047 40       		.uleb128 0x40
 419 0048 18       		.uleb128 0x18
 420 0049 9642     		.uleb128 0x2116
 421 004b 19       		.uleb128 0x19
 422 004c 00       		.byte	0
 423 004d 00       		.byte	0
 424 004e 06       		.uleb128 0x6
 425 004f 2E       		.uleb128 0x2e
 426 0050 00       		.byte	0
 427 0051 03       		.uleb128 0x3
 428 0052 0E       		.uleb128 0xe
 429 0053 3A       		.uleb128 0x3a
 430 0054 0B       		.uleb128 0xb
 431 0055 3B       		.uleb128 0x3b
 432 0056 0B       		.uleb128 0xb
 433 0057 27       		.uleb128 0x27
 434 0058 19       		.uleb128 0x19
 435 0059 11       		.uleb128 0x11
 436 005a 01       		.uleb128 0x1
 437 005b 12       		.uleb128 0x12
 438 005c 06       		.uleb128 0x6
 439 005d 40       		.uleb128 0x40
 440 005e 18       		.uleb128 0x18
 441 005f 9642     		.uleb128 0x2116
 442 0061 19       		.uleb128 0x19
 443 0062 00       		.byte	0
 444 0063 00       		.byte	0
 445 0064 07       		.uleb128 0x7
 446 0065 2E       		.uleb128 0x2e
 447 0066 01       		.byte	0x1
 448 0067 03       		.uleb128 0x3
 449 0068 0E       		.uleb128 0xe
 450 0069 3A       		.uleb128 0x3a
 451 006a 0B       		.uleb128 0xb
 452 006b 3B       		.uleb128 0x3b
 453 006c 0B       		.uleb128 0xb
 454 006d 27       		.uleb128 0x27
 455 006e 19       		.uleb128 0x19
 456 006f 11       		.uleb128 0x11
 457 0070 01       		.uleb128 0x1
 458 0071 12       		.uleb128 0x12
 459 0072 06       		.uleb128 0x6
 460 0073 40       		.uleb128 0x40
 461 0074 18       		.uleb128 0x18
 462 0075 9642     		.uleb128 0x2116
 463 0077 19       		.uleb128 0x19
 464 0078 01       		.uleb128 0x1
 465 0079 13       		.uleb128 0x13
 466 007a 00       		.byte	0
ARM GAS  C:\Users\jsing\AppData\Local\Temp\ccqU7jI7.s 			page 13


 467 007b 00       		.byte	0
 468 007c 08       		.uleb128 0x8
 469 007d 34       		.uleb128 0x34
 470 007e 00       		.byte	0
 471 007f 03       		.uleb128 0x3
 472 0080 0E       		.uleb128 0xe
 473 0081 3A       		.uleb128 0x3a
 474 0082 0B       		.uleb128 0xb
 475 0083 3B       		.uleb128 0x3b
 476 0084 0B       		.uleb128 0xb
 477 0085 49       		.uleb128 0x49
 478 0086 13       		.uleb128 0x13
 479 0087 02       		.uleb128 0x2
 480 0088 18       		.uleb128 0x18
 481 0089 00       		.byte	0
 482 008a 00       		.byte	0
 483 008b 09       		.uleb128 0x9
 484 008c 34       		.uleb128 0x34
 485 008d 00       		.byte	0
 486 008e 03       		.uleb128 0x3
 487 008f 0E       		.uleb128 0xe
 488 0090 3A       		.uleb128 0x3a
 489 0091 0B       		.uleb128 0xb
 490 0092 3B       		.uleb128 0x3b
 491 0093 0B       		.uleb128 0xb
 492 0094 49       		.uleb128 0x49
 493 0095 13       		.uleb128 0x13
 494 0096 3F       		.uleb128 0x3f
 495 0097 19       		.uleb128 0x19
 496 0098 3C       		.uleb128 0x3c
 497 0099 19       		.uleb128 0x19
 498 009a 00       		.byte	0
 499 009b 00       		.byte	0
 500 009c 00       		.byte	0
 501              		.section	.debug_aranges,"",%progbits
 502 0000 2C000000 		.4byte	0x2c
 503 0004 0200     		.2byte	0x2
 504 0006 00000000 		.4byte	.Ldebug_info0
 505 000a 04       		.byte	0x4
 506 000b 00       		.byte	0
 507 000c 0000     		.2byte	0
 508 000e 0000     		.2byte	0
 509 0010 00000000 		.4byte	.LFB35
 510 0014 2C000000 		.4byte	.LFE35-.LFB35
 511 0018 00000000 		.4byte	.LFB36
 512 001c 4C000000 		.4byte	.LFE36-.LFB36
 513 0020 00000000 		.4byte	.LFB37
 514 0024 6C000000 		.4byte	.LFE37-.LFB37
 515 0028 00000000 		.4byte	0
 516 002c 00000000 		.4byte	0
 517              		.section	.debug_ranges,"",%progbits
 518              	.Ldebug_ranges0:
 519 0000 00000000 		.4byte	.LFB35
 520 0004 2C000000 		.4byte	.LFE35
 521 0008 00000000 		.4byte	.LFB36
 522 000c 4C000000 		.4byte	.LFE36
 523 0010 00000000 		.4byte	.LFB37
ARM GAS  C:\Users\jsing\AppData\Local\Temp\ccqU7jI7.s 			page 14


 524 0014 6C000000 		.4byte	.LFE37
 525 0018 00000000 		.4byte	0
 526 001c 00000000 		.4byte	0
 527              		.section	.debug_line,"",%progbits
 528              	.Ldebug_line0:
 529 0000 BE000000 		.section	.debug_str,"MS",%progbits,1
 529      02005C00 
 529      00000201 
 529      FB0E0D00 
 529      01010101 
 530              	.LASF6:
 531 0000 6C6F6E67 		.ascii	"long long int\000"
 531      206C6F6E 
 531      6720696E 
 531      7400
 532              	.LASF3:
 533 000e 73686F72 		.ascii	"short unsigned int\000"
 533      7420756E 
 533      7369676E 
 533      65642069 
 533      6E7400
 534              	.LASF8:
 535 0021 756E7369 		.ascii	"unsigned int\000"
 535      676E6564 
 535      20696E74 
 535      00
 536              	.LASF14:
 537 002e 736C6964 		.ascii	"sliderPosition\000"
 537      6572506F 
 537      73697469 
 537      6F6E00
 538              	.LASF16:
 539 003d 656E7465 		.ascii	"enterHibernateFlag\000"
 539      72486962 
 539      65726E61 
 539      7465466C 
 539      616700
 540              	.LASF24:
 541 0050 48616E64 		.ascii	"HandleCapSenseSlider\000"
 541      6C654361 
 541      7053656E 
 541      7365536C 
 541      69646572 
 542              	.LASF5:
 543 0065 6C6F6E67 		.ascii	"long unsigned int\000"
 543      20756E73 
 543      69676E65 
 543      6420696E 
 543      7400
 544              	.LASF19:
 545 0077 2E5C6D61 		.ascii	".\\main.c\000"
 545      696E2E63 
 545      00
 546              	.LASF7:
 547 0080 6C6F6E67 		.ascii	"long long unsigned int\000"
 547      206C6F6E 
 547      6720756E 
ARM GAS  C:\Users\jsing\AppData\Local\Temp\ccqU7jI7.s 			page 15


 547      7369676E 
 547      65642069 
 548              	.LASF23:
 549 0097 496E6974 		.ascii	"InitializeSystem\000"
 549      69616C69 
 549      7A655379 
 549      7374656D 
 549      00
 550              	.LASF11:
 551 00a8 63686172 		.ascii	"char\000"
 551      00
 552              	.LASF1:
 553 00ad 756E7369 		.ascii	"unsigned char\000"
 553      676E6564 
 553      20636861 
 553      7200
 554              	.LASF22:
 555 00bb 6D61696E 		.ascii	"main\000"
 555      00
 556              	.LASF15:
 557 00c0 64657669 		.ascii	"deviceConnected\000"
 557      6365436F 
 557      6E6E6563 
 557      74656400 
 558              	.LASF4:
 559 00d0 6C6F6E67 		.ascii	"long int\000"
 559      20696E74 
 559      00
 560              	.LASF10:
 561 00d9 646F7562 		.ascii	"double\000"
 561      6C6500
 562              	.LASF17:
 563 00e0 5F426F6F 		.ascii	"_Bool\000"
 563      6C00
 564              	.LASF20:
 565 00e6 443A5C55 		.ascii	"D:\\Users\\jsing\\Desktop\\BLE Lab 4\\Lab 4 Additio"
 565      73657273 
 565      5C6A7369 
 565      6E675C44 
 565      65736B74 
 566 0114 6E616C20 		.ascii	"nal 1\\BLE Lab 4.cydsn\000"
 566      315C424C 
 566      45204C61 
 566      6220342E 
 566      63796473 
 567              	.LASF21:
 568 012a 75696E74 		.ascii	"uint8\000"
 568      3800
 569              	.LASF0:
 570 0130 7369676E 		.ascii	"signed char\000"
 570      65642063 
 570      68617200 
 571              	.LASF9:
 572 013c 666C6F61 		.ascii	"float\000"
 572      7400
 573              	.LASF2:
 574 0142 73686F72 		.ascii	"short int\000"
ARM GAS  C:\Users\jsing\AppData\Local\Temp\ccqU7jI7.s 			page 16


 574      7420696E 
 574      7400
 575              	.LASF18:
 576 014c 474E5520 		.ascii	"GNU C 4.8.4 20140526 (release) [ARM/embedded-4_8-br"
 576      4320342E 
 576      382E3420 
 576      32303134 
 576      30353236 
 577 017f 616E6368 		.ascii	"anch revision 211358] -mcpu=cortex-m0 -mthumb -g -O"
 577      20726576 
 577      6973696F 
 577      6E203231 
 577      31333538 
 578 01b2 30202D66 		.ascii	"0 -ffunction-sections\000"
 578      66756E63 
 578      74696F6E 
 578      2D736563 
 578      74696F6E 
 579              	.LASF13:
 580 01c8 6C617374 		.ascii	"lastPosition\000"
 580      506F7369 
 580      74696F6E 
 580      00
 581              	.LASF12:
 582 01d5 73697A65 		.ascii	"sizetype\000"
 582      74797065 
 582      00
 583              		.ident	"GCC: (GNU Tools for ARM Embedded Processors) 4.8.4 20140526 (release) [ARM/embedded-4_8-br
